# JRE version: Java(TM) SE Runtime Environment (7.0_45-b18) (build 1.7.0_45-b18)
# Java VM: Java HotSpot(TM) 64-Bit Server VM (24.45-b08 mixed mode windows-amd64 compressed oops)
Heap
 PSYoungGen      total 103936K, used 28953K [0x00000000f5500000, 0x00000000fcb80000, 0x0000000100000000)
  eden space 98816K, 24% used [0x00000000f5500000,0x00000000f6caef88,0x00000000fb580000)
  from space 5120K, 91% used [0x00000000fb900000,0x00000000fbd97568,0x00000000fbe00000)
  to   space 11264K, 0% used [0x00000000fc080000,0x00000000fc080000,0x00000000fcb80000)
 ParOldGen       total 86016K, used 22685K [0x00000000e0000000, 0x00000000e5400000, 0x00000000f5500000)
  object space 86016K, 26% used [0x00000000e0000000,0x00000000e1627628,0x00000000e5400000)
 PSPermGen       total 41984K, used 41474K [0x00000000dae00000, 0x00000000dd700000, 0x00000000e0000000)
  object space 41984K, 98% used [0x00000000dae00000,0x00000000dd680820,0x00000000dd700000)
GC Heap History (10 events):
Event: 10.182 GC heap before
{Heap before GC invocations=7 (full 0):
 PSYoungGen      total 42496K, used 41481K [0x00000000f5500000, 0x00000000f8980000, 0x0000000100000000)
  eden space 32256K, 100% used [0x00000000f5500000,0x00000000f7480000,0x00000000f7480000)
  from space 10240K, 90% used [0x00000000f7f00000,0x00000000f8802580,0x00000000f8900000)
  to   space 10752K, 0% used [0x00000000f7480000,0x00000000f7480000,0x00000000f7f00000)
 ParOldGen       total 86016K, used 14277K [0x00000000e0000000, 0x00000000e5400000, 0x00000000f5500000)
  object space 86016K, 16% used [0x00000000e0000000,0x00000000e0df1400,0x00000000e5400000)
 PSPermGen       total 25600K, used 25415K [0x00000000dae00000, 0x00000000dc700000, 0x00000000e0000000)
  object space 25600K, 99% used [0x00000000dae00000,0x00000000dc6d1f08,0x00000000dc700000)
Event: 10.190 GC heap after
Heap after GC invocations=7 (full 0):
 PSYoungGen      total 43008K, used 4651K [0x00000000f5500000, 0x00000000faa00000, 0x0000000100000000)
  eden space 32256K, 0% used [0x00000000f5500000,0x00000000f5500000,0x00000000f7480000)
  from space 10752K, 43% used [0x00000000f7480000,0x00000000f790af30,0x00000000f7f00000)
  to   space 11264K, 0% used [0x00000000f9f00000,0x00000000f9f00000,0x00000000faa00000)
 ParOldGen       total 86016K, used 17664K [0x00000000e0000000, 0x00000000e5400000, 0x00000000f5500000)
  object space 86016K, 20% used [0x00000000e0000000,0x00000000e1140368,0x00000000e5400000)
 PSPermGen       total 25600K, used 25415K [0x00000000dae00000, 0x00000000dc700000, 0x00000000e0000000)
  object space 25600K, 99% used [0x00000000dae00000,0x00000000dc6d1f08,0x00000000dc700000)
}
Event: 10.481 GC heap before
{Heap before GC invocations=8 (full 0):
 PSYoungGen      total 43008K, used 36907K [0x00000000f5500000, 0x00000000faa00000, 0x0000000100000000)
  eden space 32256K, 100% used [0x00000000f5500000,0x00000000f7480000,0x00000000f7480000)
  from space 10752K, 43% used [0x00000000f7480000,0x00000000f790af30,0x00000000f7f00000)
  to   space 11264K, 0% used [0x00000000f9f00000,0x00000000f9f00000,0x00000000faa00000)
 ParOldGen       total 86016K, used 17664K [0x00000000e0000000, 0x00000000e5400000, 0x00000000f5500000)
  object space 86016K, 20% used [0x00000000e0000000,0x00000000e1140368,0x00000000e5400000)
 PSPermGen       total 27136K, used 27004K [0x00000000dae00000, 0x00000000dc880000, 0x00000000e0000000)
  object space 27136K, 99% used [0x00000000dae00000,0x00000000dc85f0a0,0x00000000dc880000)
Event: 10.486 GC heap after
Heap after GC invocations=8 (full 0):
 PSYoungGen      total 75264K, used 4162K [0x00000000f5500000, 0x00000000fab00000, 0x0000000100000000)
  eden space 64000K, 0% used [0x00000000f5500000,0x00000000f5500000,0x00000000f9380000)
  from space 11264K, 36% used [0x00000000f9f00000,0x00000000fa310b90,0x00000000faa00000)
  to   space 11776K, 0% used [0x00000000f9380000,0x00000000f9380000,0x00000000f9f00000)
 ParOldGen       total 86016K, used 18748K [0x00000000e0000000, 0x00000000e5400000, 0x00000000f5500000)
  object space 86016K, 21% used [0x00000000e0000000,0x00000000e124f150,0x00000000e5400000)
 PSPermGen       total 27136K, used 27004K [0x00000000dae00000, 0x00000000dc880000, 0x00000000e0000000)
  object space 27136K, 99% used [0x00000000dae00000,0x00000000dc85f0a0,0x00000000dc880000)
}
Event: 11.056 GC heap before
{Heap before GC invocations=9 (full 0):
 PSYoungGen      total 75264K, used 68162K [0x00000000f5500000, 0x00000000fab00000, 0x0000000100000000)
  eden space 64000K, 100% used [0x00000000f5500000,0x00000000f9380000,0x00000000f9380000)
  from space 11264K, 36% used [0x00000000f9f00000,0x00000000fa310b90,0x00000000faa00000)
  to   space 11776K, 0% used [0x00000000f9380000,0x00000000f9380000,0x00000000f9f00000)
 ParOldGen       total 86016K, used 18748K [0x00000000e0000000, 0x00000000e5400000, 0x00000000f5500000)
  object space 86016K, 21% used [0x00000000e0000000,0x00000000e124f150,0x00000000e5400000)
 PSPermGen       total 30720K, used 30366K [0x00000000dae00000, 0x00000000dcc00000, 0x00000000e0000000)
  object space 30720K, 98% used [0x00000000dae00000,0x00000000dcba7958,0x00000000dcc00000)
Event: 11.061 GC heap after
Heap after GC invocations=9 (full 0):
 PSYoungGen      total 75776K, used 4639K [0x00000000f5500000, 0x00000000fd000000, 0x0000000100000000)
  eden space 64000K, 0% used [0x00000000f5500000,0x00000000f5500000,0x00000000f9380000)
  from space 11776K, 39% used [0x00000000f9380000,0x00000000f9807d30,0x00000000f9f00000)
  to   space 11776K, 0% used [0x00000000fc480000,0x00000000fc480000,0x00000000fd000000)
 ParOldGen       total 86016K, used 19720K [0x00000000e0000000, 0x00000000e5400000, 0x00000000f5500000)
  object space 86016K, 22% used [0x00000000e0000000,0x00000000e13423e0,0x00000000e5400000)
 PSPermGen       total 30720K, used 30366K [0x00000000dae00000, 0x00000000dcc00000, 0x00000000e0000000)
  object space 30720K, 98% used [0x00000000dae00000,0x00000000dcba7958,0x00000000dcc00000)
}
Event: 11.766 GC heap before
{Heap before GC invocations=10 (full 0):
 PSYoungGen      total 75776K, used 68639K [0x00000000f5500000, 0x00000000fd000000, 0x0000000100000000)
  eden space 64000K, 100% used [0x00000000f5500000,0x00000000f9380000,0x00000000f9380000)
  from space 11776K, 39% used [0x00000000f9380000,0x00000000f9807d30,0x00000000f9f00000)
  to   space 11776K, 0% used [0x00000000fc480000,0x00000000fc480000,0x00000000fd000000)
 ParOldGen       total 86016K, used 19720K [0x00000000e0000000, 0x00000000e5400000, 0x00000000f5500000)
  object space 86016K, 22% used [0x00000000e0000000,0x00000000e13423e0,0x00000000e5400000)
 PSPermGen       total 35328K, used 35014K [0x00000000dae00000, 0x00000000dd080000, 0x00000000e0000000)
  object space 35328K, 99% used [0x00000000dae00000,0x00000000dd0318b0,0x00000000dd080000)
Event: 11.774 GC heap after
Heap after GC invocations=10 (full 0):
 PSYoungGen      total 113152K, used 5052K [0x00000000f5500000, 0x00000000fcf00000, 0x0000000100000000)
  eden space 102400K, 0% used [0x00000000f5500000,0x00000000f5500000,0x00000000fb900000)
  from space 10752K, 46% used [0x00000000fc480000,0x00000000fc96f2e0,0x00000000fcf00000)
  to   space 11264K, 0% used [0x00000000fb900000,0x00000000fb900000,0x00000000fc400000)
 ParOldGen       total 86016K, used 21073K [0x00000000e0000000, 0x00000000e5400000, 0x00000000f5500000)
  object space 86016K, 24% used [0x00000000e0000000,0x00000000e1494618,0x00000000e5400000)
 PSPermGen       total 35328K, used 35014K [0x00000000dae00000, 0x00000000dd080000, 0x00000000e0000000)
  object space 35328K, 99% used [0x00000000dae00000,0x00000000dd0318b0,0x00000000dd080000)
}
Event: 17.677 GC heap before
{Heap before GC invocations=11 (full 0):
 PSYoungGen      total 113152K, used 107452K [0x00000000f5500000, 0x00000000fcf00000, 0x0000000100000000)
  eden space 102400K, 100% used [0x00000000f5500000,0x00000000fb900000,0x00000000fb900000)
  from space 10752K, 46% used [0x00000000fc480000,0x00000000fc96f2e0,0x00000000fcf00000)
  to   space 11264K, 0% used [0x00000000fb900000,0x00000000fb900000,0x00000000fc400000)
 ParOldGen       total 86016K, used 21073K [0x00000000e0000000, 0x00000000e5400000, 0x00000000f5500000)
  object space 86016K, 24% used [0x00000000e0000000,0x00000000e1494618,0x00000000e5400000)
 PSPermGen       total 40960K, used 40938K [0x00000000dae00000, 0x00000000dd600000, 0x00000000e0000000)
  object space 40960K, 99% used [0x00000000dae00000,0x00000000dd5faa00,0x00000000dd600000)
Event: 17.687 GC heap after
Heap after GC invocations=11 (full 0):
 PSYoungGen      total 103936K, used 4701K [0x00000000f5500000, 0x00000000fcb80000, 0x0000000100000000)
  eden space 98816K, 0% used [0x00000000f5500000,0x00000000f5500000,0x00000000fb580000)
  from space 5120K, 91% used [0x00000000fb900000,0x00000000fbd97568,0x00000000fbe00000)
  to   space 11264K, 0% used [0x00000000fc080000,0x00000000fc080000,0x00000000fcb80000)
 ParOldGen       total 86016K, used 22685K [0x00000000e0000000, 0x00000000e5400000, 0x00000000f5500000)
  object space 86016K, 26% used [0x00000000e0000000,0x00000000e1627628,0x00000000e5400000)
 PSPermGen       total 40960K, used 40938K [0x00000000dae00000, 0x00000000dd600000, 0x00000000e0000000)
  object space 40960K, 99% used [0x00000000dae00000,0x00000000dd5faa00,0x00000000dd600000)
}

